2021-12-05 18:00:56,384 [INFO] Filtering data...
2021-12-05 18:01:02,888 [INFO] Comparing data...
2021-12-05 18:01:02,888 [INFO] N1:44, N2:35
2021-12-05 18:01:05,651 [INFO] Creating reports and data visualizations...
2021-12-05 18:05:26,893 [WARNING] ./results/metformin_complex_abundance_no_ctf_in_threshold_treat_contr_20211205 already exists. Overwriting is set to True. Abort if necessary.
2021-12-05 18:05:26,893 [INFO] Filtering data...
2021-12-05 18:05:32,827 [INFO] Comparing data...
2021-12-05 18:05:32,827 [INFO] N1:44, N2:35
2021-12-05 18:05:50,484 [WARNING] ./results/metformin_complex_abundance_no_ctf_in_threshold_treat_contr_20211205 already exists. Overwriting is set to True. Abort if necessary.
2021-12-05 18:05:50,484 [INFO] Filtering data...
2021-12-05 18:05:56,642 [INFO] Comparing data...
2021-12-05 18:05:56,657 [INFO] N1:44, N2:35
2021-12-05 18:06:43,656 [WARNING] ./results/metformin_complex_abundance_no_ctf_in_threshold_treat_contr_20211205 already exists. Overwriting is set to True. Abort if necessary.
2021-12-05 18:06:43,656 [INFO] Filtering data...
2021-12-05 18:06:49,665 [INFO] Comparing data...
2021-12-05 18:06:49,665 [INFO] N1:44, N2:35
2021-12-05 18:07:48,211 [WARNING] ./results/metformin_complex_abundance_no_ctf_in_threshold_treat_contr_20211205 already exists. Overwriting is set to True. Abort if necessary.
2021-12-05 18:07:48,226 [INFO] Filtering data...
2021-12-05 18:07:54,331 [INFO] Comparing data...
2021-12-05 18:07:54,331 [INFO] N1:44, N2:35
2021-12-05 18:08:23,998 [WARNING] ./results/metformin_complex_abundance_no_ctf_in_threshold_treat_contr_20211205 already exists. Overwriting is set to True. Abort if necessary.
2021-12-05 18:08:23,998 [INFO] Filtering data...
2021-12-05 18:08:29,801 [INFO] Comparing data...
2021-12-05 18:08:29,801 [INFO] N1:44, N2:35
2021-12-05 18:08:53,073 [WARNING] ./results/metformin_complex_abundance_no_ctf_in_threshold_treat_contr_20211205 already exists. Overwriting is set to True. Abort if necessary.
2021-12-05 18:08:53,075 [INFO] Filtering data...
2021-12-05 18:08:58,762 [INFO] Comparing data...
2021-12-05 18:08:58,777 [INFO] N1:44, N2:35
2021-12-05 18:11:46,029 [WARNING] ./results/metformin_complex_abundance_no_ctf_in_threshold_treat_contr_20211205 already exists. Overwriting is set to True. Abort if necessary.
2021-12-05 18:11:46,029 [INFO] Filtering data...
2021-12-05 18:11:52,013 [INFO] Comparing data...
2021-12-05 18:11:52,013 [INFO] N1:44, N2:35
2021-12-05 18:30:45,194 [WARNING] ./results/metformin_complex_abundance_no_ctf_in_threshold_treat_contr_20211205 already exists. Overwriting is set to True. Abort if necessary.
2021-12-05 18:30:45,194 [INFO] Filtering data...
2021-12-05 18:30:51,162 [INFO] Comparing data...
2021-12-05 18:30:51,162 [INFO] N1:44, N2:35
2021-12-05 18:31:31,140 [WARNING] ./results/metformin_complex_abundance_no_ctf_in_threshold_treat_contr_20211205 already exists. Overwriting is set to True. Abort if necessary.
2021-12-05 18:31:31,140 [INFO] Filtering data...
2021-12-05 18:31:36,939 [INFO] Comparing data...
2021-12-05 18:31:36,939 [INFO] N1:44, N2:35
2021-12-05 18:31:39,741 [INFO] Creating reports and data visualizations...
