2021-12-05 17:00:14,534 [INFO] Filtering data...
2021-12-05 17:00:29,524 [INFO] Comparing data...
2021-12-05 17:00:29,528 [INFO] N1:35, N2:44
2021-12-05 17:00:34,394 [INFO] Creating reports and data visualizations...
2021-12-05 17:08:17,179 [WARNING] ./results/metformin_complex_abundance_no_ctf_in_threshold_contr_treat_20211205 already exists. Overwriting is set to True. Abort if necessary.
2021-12-05 17:08:17,182 [INFO] Filtering data...
2021-12-05 17:08:24,047 [INFO] Comparing data...
2021-12-05 17:08:24,050 [INFO] N1:35, N2:44
2021-12-05 17:08:27,810 [INFO] Creating reports and data visualizations...
2021-12-05 17:26:33,464 [WARNING] ./results/metformin_complex_abundance_no_ctf_in_threshold_contr_treat_20211205 already exists. Overwriting is set to True. Abort if necessary.
2021-12-05 17:26:33,466 [INFO] Filtering data...
2021-12-05 17:26:39,913 [INFO] Comparing data...
2021-12-05 17:26:39,918 [INFO] N1:35, N2:44
2021-12-05 17:26:42,931 [INFO] Creating reports and data visualizations...
2021-12-05 17:34:56,806 [WARNING] ./results/metformin_complex_abundance_no_ctf_in_threshold_contr_treat_20211205 already exists. Overwriting is set to True. Abort if necessary.
2021-12-05 17:34:56,808 [INFO] Filtering data...
2021-12-05 17:35:03,425 [INFO] Comparing data...
2021-12-05 17:35:03,428 [INFO] N1:35, N2:44
2021-12-05 17:35:06,469 [INFO] Creating reports and data visualizations...
2021-12-05 17:48:32,021 [WARNING] ./results/metformin_complex_abundance_no_ctf_in_threshold_contr_treat_20211205 already exists. Overwriting is set to True. Abort if necessary.
2021-12-05 17:48:32,021 [INFO] Filtering data...
2021-12-05 17:48:38,250 [INFO] Comparing data...
2021-12-05 17:48:38,250 [INFO] N1:35, N2:44
2021-12-05 17:48:41,876 [INFO] Creating reports and data visualizations...
2021-12-05 17:49:07,641 [WARNING] ./results/metformin_complex_abundance_no_ctf_in_threshold_contr_treat_20211205 already exists. Overwriting is set to True. Abort if necessary.
2021-12-05 17:49:07,643 [INFO] Filtering data...
2021-12-05 17:49:13,518 [INFO] Comparing data...
2021-12-05 17:49:13,534 [INFO] N1:35, N2:44
2021-12-05 17:49:16,368 [INFO] Creating reports and data visualizations...
2021-12-05 17:49:58,284 [WARNING] ./results/metformin_complex_abundance_no_ctf_in_threshold_contr_treat_20211205 already exists. Overwriting is set to True. Abort if necessary.
2021-12-05 17:49:58,284 [INFO] Filtering data...
2021-12-05 17:50:04,250 [INFO] Comparing data...
2021-12-05 17:50:04,254 [INFO] N1:35, N2:44
2021-12-05 17:50:07,139 [INFO] Creating reports and data visualizations...
2021-12-05 17:52:20,781 [WARNING] ./results/metformin_complex_abundance_no_ctf_in_threshold_contr_treat_20211205 already exists. Overwriting is set to True. Abort if necessary.
2021-12-05 17:52:20,781 [INFO] Filtering data...
2021-12-05 17:52:26,779 [INFO] Comparing data...
2021-12-05 17:52:26,779 [INFO] N1:35, N2:44
2021-12-05 17:52:47,474 [INFO] Creating reports and data visualizations...
2021-12-05 17:53:39,859 [WARNING] ./results/metformin_complex_abundance_no_ctf_in_threshold_contr_treat_20211205 already exists. Overwriting is set to True. Abort if necessary.
2021-12-05 17:53:39,859 [INFO] Filtering data...
2021-12-05 17:53:46,098 [INFO] Comparing data...
2021-12-05 17:53:46,100 [INFO] N1:35, N2:44
2021-12-05 17:54:02,256 [WARNING] ./results/metformin_complex_abundance_no_ctf_in_threshold_contr_treat_20211205 already exists. Overwriting is set to True. Abort if necessary.
2021-12-05 17:54:02,258 [INFO] Filtering data...
2021-12-05 17:54:08,994 [INFO] Comparing data...
2021-12-05 17:54:08,999 [INFO] N1:35, N2:44
2021-12-05 17:54:32,495 [INFO] Creating reports and data visualizations...
2021-12-05 18:00:06,773 [WARNING] ./results/metformin_complex_abundance_no_ctf_in_threshold_contr_treat_20211205 already exists. Overwriting is set to True. Abort if necessary.
2021-12-05 18:00:06,773 [INFO] Filtering data...
2021-12-05 18:00:12,545 [INFO] Comparing data...
2021-12-05 18:00:12,545 [INFO] N1:35, N2:44
2021-12-05 18:00:15,277 [INFO] Creating reports and data visualizations...
2021-12-05 18:12:18,317 [WARNING] ./results/metformin_complex_abundance_no_ctf_in_threshold_contr_treat_20211205 already exists. Overwriting is set to True. Abort if necessary.
2021-12-05 18:12:18,317 [INFO] Filtering data...
2021-12-05 18:12:24,270 [INFO] Comparing data...
2021-12-05 18:12:24,270 [INFO] N1:35, N2:44
2021-12-05 18:15:14,675 [WARNING] ./results/metformin_complex_abundance_no_ctf_in_threshold_contr_treat_20211205 already exists. Overwriting is set to True. Abort if necessary.
2021-12-05 18:15:14,675 [INFO] Filtering data...
2021-12-05 18:15:20,783 [INFO] Comparing data...
2021-12-05 18:15:20,783 [INFO] N1:35, N2:44
2021-12-05 18:19:19,598 [WARNING] ./results/metformin_complex_abundance_no_ctf_in_threshold_contr_treat_20211205 already exists. Overwriting is set to True. Abort if necessary.
2021-12-05 18:19:19,598 [INFO] Filtering data...
2021-12-05 18:19:25,605 [INFO] Comparing data...
2021-12-05 18:19:25,605 [INFO] N1:35, N2:44
2021-12-05 18:24:10,166 [WARNING] ./results/metformin_complex_abundance_no_ctf_in_threshold_contr_treat_20211205 already exists. Overwriting is set to True. Abort if necessary.
2021-12-05 18:24:10,166 [INFO] Filtering data...
2021-12-05 18:24:16,399 [INFO] Comparing data...
2021-12-05 18:24:16,399 [INFO] N1:35, N2:44
2021-12-05 18:25:17,455 [WARNING] ./results/metformin_complex_abundance_no_ctf_in_threshold_contr_treat_20211205 already exists. Overwriting is set to True. Abort if necessary.
2021-12-05 18:25:17,455 [INFO] Filtering data...
2021-12-05 18:25:23,378 [INFO] Comparing data...
2021-12-05 18:25:23,378 [INFO] N1:35, N2:44
2021-12-05 18:25:55,037 [WARNING] ./results/metformin_complex_abundance_no_ctf_in_threshold_contr_treat_20211205 already exists. Overwriting is set to True. Abort if necessary.
2021-12-05 18:25:55,039 [INFO] Filtering data...
2021-12-05 18:26:01,118 [INFO] Comparing data...
2021-12-05 18:26:01,118 [INFO] N1:35, N2:44
2021-12-05 18:26:19,482 [WARNING] ./results/metformin_complex_abundance_no_ctf_in_threshold_contr_treat_20211205 already exists. Overwriting is set to True. Abort if necessary.
2021-12-05 18:26:19,493 [INFO] Filtering data...
2021-12-05 18:26:25,643 [INFO] Comparing data...
2021-12-05 18:26:25,643 [INFO] N1:35, N2:44
2021-12-05 18:28:03,991 [WARNING] ./results/metformin_complex_abundance_no_ctf_in_threshold_contr_treat_20211205 already exists. Overwriting is set to True. Abort if necessary.
2021-12-05 18:28:03,991 [INFO] Filtering data...
2021-12-05 18:28:09,768 [INFO] Comparing data...
2021-12-05 18:28:09,772 [INFO] N1:35, N2:44
2021-12-05 18:28:47,103 [WARNING] ./results/metformin_complex_abundance_no_ctf_in_threshold_contr_treat_20211205 already exists. Overwriting is set to True. Abort if necessary.
2021-12-05 18:28:47,103 [INFO] Filtering data...
2021-12-05 18:28:53,306 [INFO] Comparing data...
2021-12-05 18:28:53,306 [INFO] N1:35, N2:44
